<?xml version="1.0" encoding="UTF-8"?>
<testsuites tests="0" failures="1" errors="1" time="0.000030">
	<testsuite tests="0" failures="0" time="0.000000" name="" timestamp="0001-01-01T00:00:00Z">
		<properties>
			<property name="go.version" value="go1.24.5 darwin/arm64"></property>
		</properties>
	</testsuite>
	<testsuite tests="0" failures="0" time="0.000000" name="./..." timestamp="2025-08-03T16:55:56-07:00">
		<properties>
			<property name="go.version" value="go1.24.5 darwin/arm64"></property>
		</properties>
		<testcase classname="" name="TestMain" time="0.000000">
			<failure message="Failed" type="">FAIL&#x9;./... [setup failed]&#xA;</failure>
		</testcase>
	</testsuite>
</testsuites>